0 info it worked if it ends with ok
1 verbose cli [ '/usr/bin/node',
1 verbose cli   '/usr/bin/npm',
1 verbose cli   'install',
1 verbose cli   'https://github.com/hugeen/jmatch3.git',
1 verbose cli   '--save' ]
2 info using npm@1.4.28
3 info using node@v0.10.37
4 verbose node symlink /usr/bin/node
5 warn package.json match3@1.0.0 No description
6 warn package.json match3@1.0.0 No repository field.
7 warn package.json match3@1.0.0 No README data
8 verbose readDependencies using package.json deps
9 verbose cache add [ 'https://github.com/hugeen/jmatch3.git', null ]
10 verbose cache add name=undefined spec="https://github.com/hugeen/jmatch3.git" args=["https://github.com/hugeen/jmatch3.git",null]
11 verbose parsed url { protocol: 'https:',
11 verbose parsed url   slashes: true,
11 verbose parsed url   auth: null,
11 verbose parsed url   host: 'github.com',
11 verbose parsed url   port: null,
11 verbose parsed url   hostname: 'github.com',
11 verbose parsed url   hash: null,
11 verbose parsed url   search: null,
11 verbose parsed url   query: null,
11 verbose parsed url   pathname: '/hugeen/jmatch3.git',
11 verbose parsed url   path: '/hugeen/jmatch3.git',
11 verbose parsed url   href: 'https://github.com/hugeen/jmatch3.git' }
12 silly lockFile 7badde3f-ps-github-com-hugeen-jmatch3-git https://github.com/hugeen/jmatch3.git
13 verbose lock https://github.com/hugeen/jmatch3.git /home/aovchinnikov/.npm/7badde3f-ps-github-com-hugeen-jmatch3-git.lock
14 verbose addRemoteTarball [ 'https://github.com/hugeen/jmatch3.git', null ]
15 info retry fetch attempt 1 at 20:11:10
16 verbose fetch to= /tmp/npm-1281-AwdrFC0u/github.com/hugeen/jmatch3.git
17 http GET https://github.com/hugeen/jmatch3.git
18 http 200 https://github.com/hugeen/jmatch3.git
19 verbose tar unpack /tmp/npm-1281-AwdrFC0u/github.com/hugeen/jmatch3.git
20 silly lockFile d0baa62f-ub-com-hugeen-jmatch3-git-unpack tar:///tmp/npm-1281-AwdrFC0u/github.com/hugeen/jmatch3.git-unpack
21 verbose lock tar:///tmp/npm-1281-AwdrFC0u/github.com/hugeen/jmatch3.git-unpack /home/aovchinnikov/.npm/d0baa62f-ub-com-hugeen-jmatch3-git-unpack.lock
22 silly lockFile feff32d6-0u-github-com-hugeen-jmatch3-git tar:///tmp/npm-1281-AwdrFC0u/github.com/hugeen/jmatch3.git
23 verbose lock tar:///tmp/npm-1281-AwdrFC0u/github.com/hugeen/jmatch3.git /home/aovchinnikov/.npm/feff32d6-0u-github-com-hugeen-jmatch3-git.lock
24 silly gunzTarPerm modes [ '775', '664' ]
25 error not a package /tmp/npm-1281-AwdrFC0u/github.com/hugeen/jmatch3.git
26 silly lockFile d0baa62f-ub-com-hugeen-jmatch3-git-unpack tar:///tmp/npm-1281-AwdrFC0u/github.com/hugeen/jmatch3.git-unpack
27 silly lockFile d0baa62f-ub-com-hugeen-jmatch3-git-unpack tar:///tmp/npm-1281-AwdrFC0u/github.com/hugeen/jmatch3.git-unpack
28 silly lockFile feff32d6-0u-github-com-hugeen-jmatch3-git tar:///tmp/npm-1281-AwdrFC0u/github.com/hugeen/jmatch3.git
29 silly lockFile feff32d6-0u-github-com-hugeen-jmatch3-git tar:///tmp/npm-1281-AwdrFC0u/github.com/hugeen/jmatch3.git
30 silly lockFile 7badde3f-ps-github-com-hugeen-jmatch3-git https://github.com/hugeen/jmatch3.git
31 silly lockFile 7badde3f-ps-github-com-hugeen-jmatch3-git https://github.com/hugeen/jmatch3.git
32 error Error: ENOENT, open '/tmp/npm-1281-AwdrFC0u/github.com/hugeen/jmatch3.git-unpack/package.json'
33 error If you need help, you may report this *entire* log,
33 error including the npm and node versions, at:
33 error     <http://github.com/npm/npm/issues>
34 error System Linux 3.13.0-24-generic
35 error command "/usr/bin/node" "/usr/bin/npm" "install" "https://github.com/hugeen/jmatch3.git" "--save"
36 error cwd /home/aovchinnikov/work/match3
37 error node -v v0.10.37
38 error npm -v 1.4.28
39 error path /tmp/npm-1281-AwdrFC0u/github.com/hugeen/jmatch3.git-unpack/package.json
40 error code ENOENT
41 error errno 34
42 verbose exit [ 34, true ]
